<?xml version="1.0" encoding="UTF-8"?>
<!-- Generated by org.testng.reporters.JUnitXMLReporter -->
<testsuite ignored="0" hostname="LTILBOM22701191" failures="0" tests="3" name="Default test" time="11.756" errors="0" timestamp="2022-01-20T11:54:33 IST">
  <testcase classname="RSH.RestAssuredLEarningWithRSH.dynamicJson" name="addAddress" time="5.783"/>
  <testcase classname="RSH.RestAssuredLEarningWithRSH.dynamicJson" name="addAddress" time="2.917"/>
  <testcase classname="RSH.RestAssuredLEarningWithRSH.dynamicJson" name="addAddress" time="3.005"/>
</testsuite> <!-- Default test -->
