<?xml version="1.0" encoding="UTF-8"?>
<testng-results ignored="0" total="3" passed="3" failed="0" skipped="0">
  <reporter-output>
  </reporter-output>
  <suite started-at="2022-01-20T11:54:21 IST" name="Default suite" finished-at="2022-01-20T11:54:32 IST" duration-ms="11756">
    <groups>
    </groups>
    <test started-at="2022-01-20T11:54:21 IST" name="Default test" finished-at="2022-01-20T11:54:32 IST" duration-ms="11756">
      <class name="RSH.RestAssuredLEarningWithRSH.dynamicJson">
        <test-method signature="addAddress(java.lang.String, java.lang.String)[pri:0, instance:RSH.RestAssuredLEarningWithRSH.dynamicJson@101952da]" started-at="2022-01-20T11:54:21 IST" name="addAddress" data-provider="AddAddressAgainGoogle" finished-at="2022-01-20T11:54:27 IST" duration-ms="5783" status="PASS">
          <params>
            <param index="0">
              <value>
                <![CDATA[11 ramivas dadabhai road]]>
              </value>
            </param>
            <param index="1">
              <value>
                <![CDATA[123456]]>
              </value>
            </param>
          </params>
          <reporter-output>
          </reporter-output>
        </test-method> <!-- addAddress -->
        <test-method signature="addAddress(java.lang.String, java.lang.String)[pri:0, instance:RSH.RestAssuredLEarningWithRSH.dynamicJson@101952da]" started-at="2022-01-20T11:54:27 IST" name="addAddress" data-provider="AddAddressAgainGoogle" finished-at="2022-01-20T11:54:29 IST" duration-ms="2917" status="PASS">
          <params>
            <param index="0">
              <value>
                <![CDATA[Mahesh nagar ramwadi]]>
              </value>
            </param>
            <param index="1">
              <value>
                <![CDATA[12345678]]>
              </value>
            </param>
          </params>
          <reporter-output>
          </reporter-output>
        </test-method> <!-- addAddress -->
        <test-method signature="addAddress(java.lang.String, java.lang.String)[pri:0, instance:RSH.RestAssuredLEarningWithRSH.dynamicJson@101952da]" started-at="2022-01-20T11:54:29 IST" name="addAddress" data-provider="AddAddressAgainGoogle" finished-at="2022-01-20T11:54:32 IST" duration-ms="3005" status="PASS">
          <params>
            <param index="0">
              <value>
                <![CDATA[bhanukunj vimal nagar banaglore]]>
              </value>
            </param>
            <param index="1">
              <value>
                <![CDATA[3456789]]>
              </value>
            </param>
          </params>
          <reporter-output>
          </reporter-output>
        </test-method> <!-- addAddress -->
      </class> <!-- RSH.RestAssuredLEarningWithRSH.dynamicJson -->
    </test> <!-- Default test -->
  </suite> <!-- Default suite -->
</testng-results>
